d:\unreal\project\projectd\projectd_server\projectd_server\x64\debug\vc143.pdb
d:\unreal\project\projectd\projectd_server\projectd_server\x64\debug\vc143.idb
d:\unreal\project\projectd\projectd_server\projectd_server\x64\debug\clientpackethandler.obj
d:\unreal\project\projectd\projectd_server\projectd_server\x64\debug\projectd_server.obj
d:\unreal\project\projectd\projectd_server\projectd_server\x64\debug\gamesessionmanager.obj
d:\unreal\project\projectd\projectd_server\projectd_server\x64\debug\gamesession.obj
d:\unreal\project\projectd\projectd_server\projectd_server\x64\debug\struct.pb.obj
d:\unreal\project\projectd\projectd_server\projectd_server\x64\debug\protocol.pb.obj
d:\unreal\project\projectd\projectd_server\projectd_server\x64\debug\enum.pb.obj
d:\unreal\project\projectd\projectd_server\projectd_server\x64\debug\room.obj
d:\unreal\project\projectd\projectd_server\projectd_server\x64\debug\player.obj
d:\unreal\project\projectd\projectd_server\binary\debug\projectd_server.exe
d:\unreal\project\projectd\projectd_server\projectd_server\x64\debug\projectd_server.ilk
d:\unreal\project\projectd\projectd_server\binary\debug\projectd_server.pdb
d:\unreal\project\projectd\projectd_server\projectd_server\x64\debug\job.obj
d:\unreal\project\projectd\projectd_server\projectd_server\x64\debug\serverpackethandler.obj
d:\unreal\project\projectd\projectd_server\projectd_server\x64\debug\projectd_server.pch
d:\unreal\project\projectd\projectd_server\projectd_server\x64\debug\projectd_server.tlog\cl.command.1.tlog
d:\unreal\project\projectd\projectd_server\projectd_server\x64\debug\projectd_server.tlog\cl.items.tlog
d:\unreal\project\projectd\projectd_server\projectd_server\x64\debug\projectd_server.tlog\cl.read.1.tlog
d:\unreal\project\projectd\projectd_server\projectd_server\x64\debug\projectd_server.tlog\cl.write.1.tlog
d:\unreal\project\projectd\projectd_server\projectd_server\x64\debug\projectd_server.tlog\link.command.1.tlog
d:\unreal\project\projectd\projectd_server\projectd_server\x64\debug\projectd_server.tlog\link.read.1.tlog
d:\unreal\project\projectd\projectd_server\projectd_server\x64\debug\projectd_server.tlog\link.write.1.tlog
